{"/Users/natalia.stafeeva/CS/FINAL/round-robin/client/src/App.tsx": {"path":"/Users/natalia.stafeeva/CS/FINAL/round-robin/client/src/App.tsx","statementMap":{"0":{"start":{"line":8,"column":15},"end":{"line":8,"column":19}},"1":{"start":{"line":10,"column":23},"end":{"line":42,"column":1}},"2":{"start":{"line":11,"column":26},"end":{"line":11,"column":52}},"3":{"start":{"line":13,"column":24},"end":{"line":24,"column":3}},"4":{"start":{"line":14,"column":4},"end":{"line":20,"column":7}},"5":{"start":{"line":23,"column":4},"end":{"line":23,"column":16}},"6":{"start":{"line":26,"column":2},"end":{"line":41,"column":4}},"7":{"start":{"line":29,"column":8},"end":{"line":29,"column":27}},"8":{"start":{"line":30,"column":8},"end":{"line":30,"column":24}},"9":{"start":{"line":36,"column":25},"end":{"line":36,"column":55}},"10":{"start":{"line":44,"column":25},"end":{"line":89,"column":1}},"11":{"start":{"line":45,"column":34},"end":{"line":45,"column":60}},"12":{"start":{"line":46,"column":26},"end":{"line":46,"column":52}},"13":{"start":{"line":48,"column":26},"end":{"line":58,"column":3}},"14":{"start":{"line":49,"column":4},"end":{"line":55,"column":7}},"15":{"start":{"line":57,"column":4},"end":{"line":57,"column":16}},"16":{"start":{"line":60,"column":2},"end":{"line":88,"column":4}},"17":{"start":{"line":63,"column":8},"end":{"line":63,"column":27}},"18":{"start":{"line":64,"column":8},"end":{"line":64,"column":26}},"19":{"start":{"line":71,"column":10},"end":{"line":71,"column":45}},"20":{"start":{"line":75,"column":10},"end":{"line":77,"column":19}},"21":{"start":{"line":83,"column":25},"end":{"line":83,"column":55}},"22":{"start":{"line":92,"column":2},"end":{"line":98,"column":4}}},"fnMap":{"0":{"name":"(anonymous_0)","decl":{"start":{"line":10,"column":23},"end":{"line":10,"column":24}},"loc":{"start":{"line":10,"column":59},"end":{"line":42,"column":1}},"line":10},"1":{"name":"(anonymous_1)","decl":{"start":{"line":13,"column":24},"end":{"line":13,"column":25}},"loc":{"start":{"line":13,"column":36},"end":{"line":24,"column":3}},"line":13},"2":{"name":"(anonymous_2)","decl":{"start":{"line":28,"column":16},"end":{"line":28,"column":17}},"loc":{"start":{"line":28,"column":23},"end":{"line":31,"column":7}},"line":28},"3":{"name":"(anonymous_3)","decl":{"start":{"line":36,"column":18},"end":{"line":36,"column":19}},"loc":{"start":{"line":36,"column":25},"end":{"line":36,"column":55}},"line":36},"4":{"name":"(anonymous_4)","decl":{"start":{"line":44,"column":25},"end":{"line":44,"column":26}},"loc":{"start":{"line":44,"column":71},"end":{"line":89,"column":1}},"line":44},"5":{"name":"(anonymous_5)","decl":{"start":{"line":48,"column":26},"end":{"line":48,"column":27}},"loc":{"start":{"line":48,"column":38},"end":{"line":58,"column":3}},"line":48},"6":{"name":"(anonymous_6)","decl":{"start":{"line":62,"column":16},"end":{"line":62,"column":17}},"loc":{"start":{"line":62,"column":23},"end":{"line":65,"column":7}},"line":62},"7":{"name":"(anonymous_7)","decl":{"start":{"line":70,"column":18},"end":{"line":70,"column":19}},"loc":{"start":{"line":70,"column":25},"end":{"line":72,"column":9}},"line":70},"8":{"name":"(anonymous_8)","decl":{"start":{"line":74,"column":23},"end":{"line":74,"column":24}},"loc":{"start":{"line":75,"column":10},"end":{"line":77,"column":19}},"line":75},"9":{"name":"(anonymous_9)","decl":{"start":{"line":83,"column":18},"end":{"line":83,"column":19}},"loc":{"start":{"line":83,"column":25},"end":{"line":83,"column":55}},"line":83},"10":{"name":"App","decl":{"start":{"line":91,"column":9},"end":{"line":91,"column":12}},"loc":{"start":{"line":91,"column":57},"end":{"line":99,"column":1}},"line":91}},"branchMap":{},"s":{"0":0,"1":0,"2":0,"3":0,"4":0,"5":0,"6":0,"7":0,"8":0,"9":0,"10":0,"11":0,"12":0,"13":0,"14":0,"15":0,"16":0,"17":0,"18":0,"19":0,"20":0,"21":0,"22":0},"f":{"0":0,"1":0,"2":0,"3":0,"4":0,"5":0,"6":0,"7":0,"8":0,"9":0,"10":0},"b":{}}
,"/Users/natalia.stafeeva/CS/FINAL/round-robin/client/src/CreateMeeting.tsx": {"path":"/Users/natalia.stafeeva/CS/FINAL/round-robin/client/src/CreateMeeting.tsx","statementMap":{"0":{"start":{"line":8,"column":26},"end":{"line":57,"column":1}},"1":{"start":{"line":9,"column":2},"end":{"line":56,"column":4}}},"fnMap":{"0":{"name":"(anonymous_0)","decl":{"start":{"line":8,"column":26},"end":{"line":8,"column":27}},"loc":{"start":{"line":8,"column":32},"end":{"line":57,"column":1}},"line":8}},"branchMap":{},"s":{"0":1,"1":1},"f":{"0":1},"b":{},"_coverageSchema":"1a1c01bbd47fc00a2c39e90264f33305004495a9","hash":"315964c75d979bedae75ae8f80daedb1fd0e38b4"}
,"/Users/natalia.stafeeva/CS/FINAL/round-robin/client/src/Home.tsx": {"path":"/Users/natalia.stafeeva/CS/FINAL/round-robin/client/src/Home.tsx","statementMap":{"0":{"start":{"line":7,"column":17},"end":{"line":30,"column":1}},"1":{"start":{"line":8,"column":2},"end":{"line":29,"column":4}}},"fnMap":{"0":{"name":"(anonymous_0)","decl":{"start":{"line":7,"column":17},"end":{"line":7,"column":18}},"loc":{"start":{"line":7,"column":23},"end":{"line":30,"column":1}},"line":7}},"branchMap":{},"s":{"0":1,"1":3},"f":{"0":3},"b":{},"_coverageSchema":"1a1c01bbd47fc00a2c39e90264f33305004495a9","hash":"0d4dd66a80c7df2cc05c7a39bcf831d9cb846cd7"}
,"/Users/natalia.stafeeva/CS/FINAL/round-robin/client/src/Join.tsx": {"path":"/Users/natalia.stafeeva/CS/FINAL/round-robin/client/src/Join.tsx","statementMap":{"0":{"start":{"line":4,"column":26},"end":{"line":4,"column":52}},"1":{"start":{"line":6,"column":21},"end":{"line":16,"column":3}},"2":{"start":{"line":7,"column":4},"end":{"line":13,"column":7}},"3":{"start":{"line":15,"column":4},"end":{"line":15,"column":22}},"4":{"start":{"line":18,"column":2},"end":{"line":38,"column":4}},"5":{"start":{"line":27,"column":16},"end":{"line":27,"column":35}},"6":{"start":{"line":28,"column":16},"end":{"line":28,"column":29}},"7":{"start":{"line":31,"column":38},"end":{"line":31,"column":68}}},"fnMap":{"0":{"name":"Join","decl":{"start":{"line":3,"column":9},"end":{"line":3,"column":13}},"loc":{"start":{"line":3,"column":72},"end":{"line":39,"column":1}},"line":3},"1":{"name":"(anonymous_1)","decl":{"start":{"line":6,"column":21},"end":{"line":6,"column":22}},"loc":{"start":{"line":6,"column":33},"end":{"line":16,"column":3}},"line":6},"2":{"name":"(anonymous_2)","decl":{"start":{"line":26,"column":24},"end":{"line":26,"column":25}},"loc":{"start":{"line":26,"column":31},"end":{"line":29,"column":15}},"line":26},"3":{"name":"(anonymous_3)","decl":{"start":{"line":31,"column":31},"end":{"line":31,"column":32}},"loc":{"start":{"line":31,"column":38},"end":{"line":31,"column":68}},"line":31}},"branchMap":{},"s":{"0":2,"1":2,"2":0,"3":0,"4":2,"5":0,"6":0,"7":0},"f":{"0":2,"1":0,"2":0,"3":0},"b":{},"_coverageSchema":"1a1c01bbd47fc00a2c39e90264f33305004495a9","hash":"ca5683c0659d3ef065edaba6d4808f27095d5e34"}
,"/Users/natalia.stafeeva/CS/FINAL/round-robin/client/src/Meeting.tsx": {"path":"/Users/natalia.stafeeva/CS/FINAL/round-robin/client/src/Meeting.tsx","statementMap":{"0":{"start":{"line":16,"column":16},"end":{"line":204,"column":1}},"1":{"start":{"line":17,"column":32},"end":{"line":17,"column":55}},"2":{"start":{"line":19,"column":28},"end":{"line":19,"column":54}},"3":{"start":{"line":21,"column":32},"end":{"line":21,"column":60}},"4":{"start":{"line":23,"column":23},"end":{"line":27,"column":3}},"5":{"start":{"line":24,"column":16},"end":{"line":24,"column":43}},"6":{"start":{"line":25,"column":17},"end":{"line":25,"column":33}},"7":{"start":{"line":26,"column":4},"end":{"line":26,"column":21}},"8":{"start":{"line":29,"column":21},"end":{"line":33,"column":3}},"9":{"start":{"line":30,"column":16},"end":{"line":30,"column":40}},"10":{"start":{"line":31,"column":17},"end":{"line":31,"column":33}},"11":{"start":{"line":32,"column":4},"end":{"line":32,"column":19}},"12":{"start":{"line":35,"column":23},"end":{"line":39,"column":3}},"13":{"start":{"line":36,"column":16},"end":{"line":36,"column":42}},"14":{"start":{"line":37,"column":17},"end":{"line":37,"column":33}},"15":{"start":{"line":38,"column":4},"end":{"line":38,"column":21}},"16":{"start":{"line":60,"column":29},"end":{"line":67,"column":3}},"17":{"start":{"line":61,"column":4},"end":{"line":66,"column":7}},"18":{"start":{"line":69,"column":21},"end":{"line":76,"column":3}},"19":{"start":{"line":70,"column":4},"end":{"line":75,"column":7}},"20":{"start":{"line":78,"column":29},"end":{"line":85,"column":3}},"21":{"start":{"line":79,"column":4},"end":{"line":84,"column":7}},"22":{"start":{"line":87,"column":2},"end":{"line":203,"column":4}},"23":{"start":{"line":160,"column":14},"end":{"line":166,"column":20}}},"fnMap":{"0":{"name":"(anonymous_0)","decl":{"start":{"line":16,"column":16},"end":{"line":16,"column":17}},"loc":{"start":{"line":16,"column":64},"end":{"line":204,"column":1}},"line":16},"1":{"name":"(anonymous_1)","decl":{"start":{"line":23,"column":23},"end":{"line":23,"column":24}},"loc":{"start":{"line":23,"column":35},"end":{"line":27,"column":3}},"line":23},"2":{"name":"(anonymous_2)","decl":{"start":{"line":29,"column":21},"end":{"line":29,"column":22}},"loc":{"start":{"line":29,"column":33},"end":{"line":33,"column":3}},"line":29},"3":{"name":"(anonymous_3)","decl":{"start":{"line":35,"column":23},"end":{"line":35,"column":24}},"loc":{"start":{"line":35,"column":35},"end":{"line":39,"column":3}},"line":35},"4":{"name":"(anonymous_4)","decl":{"start":{"line":60,"column":29},"end":{"line":60,"column":30}},"loc":{"start":{"line":60,"column":41},"end":{"line":67,"column":3}},"line":60},"5":{"name":"(anonymous_5)","decl":{"start":{"line":69,"column":21},"end":{"line":69,"column":22}},"loc":{"start":{"line":69,"column":33},"end":{"line":76,"column":3}},"line":69},"6":{"name":"(anonymous_6)","decl":{"start":{"line":78,"column":29},"end":{"line":78,"column":30}},"loc":{"start":{"line":78,"column":41},"end":{"line":85,"column":3}},"line":78},"7":{"name":"(anonymous_7)","decl":{"start":{"line":159,"column":37},"end":{"line":159,"column":38}},"loc":{"start":{"line":160,"column":14},"end":{"line":166,"column":20}},"line":160}},"branchMap":{"0":{"loc":{"start":{"line":125,"column":11},"end":{"line":129,"column":11}},"type":"cond-expr","locations":[{"start":{"line":126,"column":12},"end":{"line":126,"column":63}},{"start":{"line":128,"column":12},"end":{"line":128,"column":63}}],"line":125},"1":{"loc":{"start":{"line":130,"column":11},"end":{"line":134,"column":11}},"type":"binary-expr","locations":[{"start":{"line":130,"column":11},"end":{"line":130,"column":49}},{"start":{"line":131,"column":12},"end":{"line":133,"column":21}}],"line":130},"2":{"loc":{"start":{"line":132,"column":15},"end":{"line":132,"column":70}},"type":"cond-expr","locations":[{"start":{"line":132,"column":53},"end":{"line":132,"column":61}},{"start":{"line":132,"column":64},"end":{"line":132,"column":70}}],"line":132},"3":{"loc":{"start":{"line":138,"column":11},"end":{"line":153,"column":18}},"type":"cond-expr","locations":[{"start":{"line":139,"column":12},"end":{"line":152,"column":19}},{"start":{"line":153,"column":14},"end":{"line":153,"column":18}}],"line":138},"4":{"loc":{"start":{"line":162,"column":27},"end":{"line":162,"column":73}},"type":"cond-expr","locations":[{"start":{"line":162,"column":60},"end":{"line":162,"column":68}},{"start":{"line":162,"column":71},"end":{"line":162,"column":73}}],"line":162}},"s":{"0":1,"1":1,"2":1,"3":1,"4":1,"5":0,"6":0,"7":0,"8":1,"9":0,"10":0,"11":0,"12":1,"13":0,"14":0,"15":0,"16":1,"17":0,"18":1,"19":0,"20":1,"21":0,"22":1,"23":0},"f":{"0":1,"1":0,"2":0,"3":0,"4":0,"5":0,"6":0,"7":0},"b":{"0":[0,1],"1":[1,0],"2":[0,0],"3":[0,1],"4":[0,0]},"_coverageSchema":"1a1c01bbd47fc00a2c39e90264f33305004495a9","hash":"79897921235f59ec6a38a8f6d146ea2be67ec29b"}
}
